{"D:\\jwks-server\\src\\crypto.js": {"path":"D:\\jwks-server\\src\\crypto.js","statementMap":{"0":{"start":{"line":3,"column":16},"end":{"line":3,"column":38}},"1":{"start":{"line":4,"column":0},"end":{"line":6,"column":1}},"2":{"start":{"line":5,"column":2},"end":{"line":5,"column":65}},"3":{"start":{"line":8,"column":12},"end":{"line":8,"column":42}},"4":{"start":{"line":9,"column":0},"end":{"line":11,"column":1}},"5":{"start":{"line":10,"column":2},"end":{"line":10,"column":79}},"6":{"start":{"line":14,"column":13},"end":{"line":14,"column":35}},"7":{"start":{"line":15,"column":17},"end":{"line":15,"column":62}},"8":{"start":{"line":17,"column":21},"end":{"line":20,"column":4}},"9":{"start":{"line":22,"column":14},"end":{"line":22,"column":33}},"10":{"start":{"line":23,"column":2},"end":{"line":23,"column":33}},"11":{"start":{"line":27,"column":28},"end":{"line":27,"column":31}},"12":{"start":{"line":28,"column":19},"end":{"line":28,"column":66}},"13":{"start":{"line":29,"column":2},"end":{"line":29,"column":27}},"14":{"start":{"line":31,"column":20},"end":{"line":34,"column":4}},"15":{"start":{"line":36,"column":2},"end":{"line":36,"column":36}}},"fnMap":{"0":{"name":"encryptPrivateKey","decl":{"start":{"line":13,"column":16},"end":{"line":13,"column":33}},"loc":{"start":{"line":13,"column":43},"end":{"line":24,"column":1}},"line":13},"1":{"name":"decryptPrivateKey","decl":{"start":{"line":26,"column":16},"end":{"line":26,"column":33}},"loc":{"start":{"line":26,"column":39},"end":{"line":37,"column":1}},"line":26}},"branchMap":{"0":{"loc":{"start":{"line":4,"column":0},"end":{"line":6,"column":1}},"type":"if","locations":[{"start":{"line":4,"column":0},"end":{"line":6,"column":1}},{"start":{},"end":{}}],"line":4},"1":{"loc":{"start":{"line":9,"column":0},"end":{"line":11,"column":1}},"type":"if","locations":[{"start":{"line":9,"column":0},"end":{"line":11,"column":1}},{"start":{},"end":{}}],"line":9}},"s":{"0":0,"1":0,"2":0,"3":0,"4":0,"5":0,"6":0,"7":0,"8":0,"9":0,"10":0,"11":0,"12":0,"13":0,"14":0,"15":0},"f":{"0":0,"1":0},"b":{"0":[0,0],"1":[0,0]}}
,"D:\\jwks-server\\src\\db.js": {"path":"D:\\jwks-server\\src\\db.js","statementMap":{"0":{"start":{"line":5,"column":19},"end":{"line":5,"column":49}},"1":{"start":{"line":6,"column":18},"end":{"line":6,"column":42}},"2":{"start":{"line":8,"column":16},"end":{"line":8,"column":75}},"3":{"start":{"line":10,"column":18},"end":{"line":10,"column":39}},"4":{"start":{"line":12,"column":0},"end":{"line":38,"column":3}},"5":{"start":{"line":40,"column":25},"end":{"line":43,"column":2}},"6":{"start":{"line":45,"column":33},"end":{"line":50,"column":2}},"7":{"start":{"line":52,"column":29},"end":{"line":57,"column":2}},"8":{"start":{"line":59,"column":37},"end":{"line":62,"column":2}},"9":{"start":{"line":64,"column":26},"end":{"line":67,"column":2}},"10":{"start":{"line":69,"column":33},"end":{"line":71,"column":2}},"11":{"start":{"line":73,"column":29},"end":{"line":76,"column":2}}},"fnMap":{},"branchMap":{},"s":{"0":4,"1":4,"2":4,"3":4,"4":4,"5":4,"6":4,"7":4,"8":4,"9":4,"10":4,"11":4},"f":{},"b":{},"_coverageSchema":"1a1c01bbd47fc00a2c39e90264f33305004495a9","hash":"a6a6e41b48373d3635bb8954e6c7f1932b43fefd"}
,"D:\\jwks-server\\src\\keys.js": {"path":"D:\\jwks-server\\src\\keys.js","statementMap":{"0":{"start":{"line":10,"column":23},"end":{"line":10,"column":45}},"1":{"start":{"line":12,"column":0},"end":{"line":14,"column":1}},"2":{"start":{"line":13,"column":2},"end":{"line":13,"column":65}},"3":{"start":{"line":16,"column":16},"end":{"line":16,"column":53}},"4":{"start":{"line":17,"column":0},"end":{"line":19,"column":1}},"5":{"start":{"line":18,"column":2},"end":{"line":18,"column":78}},"6":{"start":{"line":22,"column":13},"end":{"line":22,"column":28}},"7":{"start":{"line":23,"column":17},"end":{"line":23,"column":59}},"8":{"start":{"line":25,"column":20},"end":{"line":25,"column":60}},"9":{"start":{"line":26,"column":21},"end":{"line":26,"column":78}},"10":{"start":{"line":27,"column":14},"end":{"line":27,"column":33}},"11":{"start":{"line":29,"column":2},"end":{"line":29,"column":39}},"12":{"start":{"line":33,"column":19},"end":{"line":33,"column":67}},"13":{"start":{"line":34,"column":2},"end":{"line":34,"column":31}},"14":{"start":{"line":36,"column":16},"end":{"line":36,"column":76}},"15":{"start":{"line":37,"column":2},"end":{"line":37,"column":44}},"16":{"start":{"line":41,"column":36},"end":{"line":41,"column":66}},"17":{"start":{"line":43,"column":18},"end":{"line":43,"column":45}},"18":{"start":{"line":44,"column":17},"end":{"line":44,"column":43}},"19":{"start":{"line":46,"column":14},"end":{"line":46,"column":58}},"20":{"start":{"line":47,"column":2},"end":{"line":47,"column":19}},"21":{"start":{"line":49,"column":28},"end":{"line":49,"column":54}},"22":{"start":{"line":51,"column":2},"end":{"line":58,"column":5}},"23":{"start":{"line":60,"column":2},"end":{"line":60,"column":13}},"24":{"start":{"line":64,"column":19},"end":{"line":64,"column":42}},"25":{"start":{"line":65,"column":2},"end":{"line":67,"column":3}},"26":{"start":{"line":66,"column":4},"end":{"line":66,"column":11}},"27":{"start":{"line":69,"column":14},"end":{"line":69,"column":43}},"28":{"start":{"line":71,"column":2},"end":{"line":71,"column":41}},"29":{"start":{"line":73,"column":2},"end":{"line":73,"column":41}},"30":{"start":{"line":77,"column":15},"end":{"line":77,"column":42}},"31":{"start":{"line":78,"column":2},"end":{"line":78,"column":51}},"32":{"start":{"line":78,"column":25},"end":{"line":78,"column":49}},"33":{"start":{"line":81,"column":29},"end":{"line":81,"column":48}},"34":{"start":{"line":84,"column":14},"end":{"line":84,"column":69}},"35":{"start":{"line":85,"column":2},"end":{"line":87,"column":3}},"36":{"start":{"line":86,"column":4},"end":{"line":86,"column":50}},"37":{"start":{"line":89,"column":18},"end":{"line":89,"column":40}},"38":{"start":{"line":90,"column":14},"end":{"line":90,"column":47}},"39":{"start":{"line":91,"column":20},"end":{"line":91,"column":46}},"40":{"start":{"line":93,"column":2},"end":{"line":93,"column":37}},"41":{"start":{"line":97,"column":18},"end":{"line":97,"column":42}},"42":{"start":{"line":100,"column":4},"end":{"line":102,"column":31}},"43":{"start":{"line":104,"column":23},"end":{"line":104,"column":51}},"44":{"start":{"line":105,"column":14},"end":{"line":105,"column":43}},"45":{"start":{"line":106,"column":14},"end":{"line":106,"column":43}},"46":{"start":{"line":108,"column":16},"end":{"line":112,"column":14}},"47":{"start":{"line":114,"column":2},"end":{"line":114,"column":15}}},"fnMap":{"0":{"name":"encryptPrivateJwk","decl":{"start":{"line":21,"column":9},"end":{"line":21,"column":26}},"loc":{"start":{"line":21,"column":32},"end":{"line":30,"column":1}},"line":21},"1":{"name":"decryptPrivateJwk","decl":{"start":{"line":32,"column":9},"end":{"line":32,"column":26}},"loc":{"start":{"line":32,"column":32},"end":{"line":38,"column":1}},"line":32},"2":{"name":"createAndStoreKey","decl":{"start":{"line":40,"column":15},"end":{"line":40,"column":32}},"loc":{"start":{"line":40,"column":45},"end":{"line":61,"column":1}},"line":40},"3":{"name":"initializeKeys","decl":{"start":{"line":63,"column":22},"end":{"line":63,"column":36}},"loc":{"start":{"line":63,"column":39},"end":{"line":74,"column":1}},"line":63},"4":{"name":"getActivePublicJwks","decl":{"start":{"line":76,"column":16},"end":{"line":76,"column":35}},"loc":{"start":{"line":76,"column":38},"end":{"line":79,"column":1}},"line":76},"5":{"name":"(anonymous_5)","decl":{"start":{"line":78,"column":18},"end":{"line":78,"column":19}},"loc":{"start":{"line":78,"column":25},"end":{"line":78,"column":49}},"line":78},"6":{"name":"getSigningKey","decl":{"start":{"line":83,"column":15},"end":{"line":83,"column":28}},"loc":{"start":{"line":83,"column":46},"end":{"line":94,"column":1}},"line":83},"7":{"name":"signJwt","decl":{"start":{"line":96,"column":22},"end":{"line":96,"column":29}},"loc":{"start":{"line":96,"column":68},"end":{"line":115,"column":1}},"line":96}},"branchMap":{"0":{"loc":{"start":{"line":12,"column":0},"end":{"line":14,"column":1}},"type":"if","locations":[{"start":{"line":12,"column":0},"end":{"line":14,"column":1}},{"start":{},"end":{}}],"line":12},"1":{"loc":{"start":{"line":17,"column":0},"end":{"line":19,"column":1}},"type":"if","locations":[{"start":{"line":17,"column":0},"end":{"line":19,"column":1}},{"start":{},"end":{}}],"line":17},"2":{"loc":{"start":{"line":46,"column":14},"end":{"line":46,"column":58}},"type":"binary-expr","locations":[{"start":{"line":46,"column":14},"end":{"line":46,"column":24}},{"start":{"line":46,"column":28},"end":{"line":46,"column":58}}],"line":46},"3":{"loc":{"start":{"line":65,"column":2},"end":{"line":67,"column":3}},"type":"if","locations":[{"start":{"line":65,"column":2},"end":{"line":67,"column":3}},{"start":{},"end":{}}],"line":65},"4":{"loc":{"start":{"line":83,"column":29},"end":{"line":83,"column":44}},"type":"default-arg","locations":[{"start":{"line":83,"column":39},"end":{"line":83,"column":44}}],"line":83},"5":{"loc":{"start":{"line":84,"column":14},"end":{"line":84,"column":69}},"type":"cond-expr","locations":[{"start":{"line":84,"column":24},"end":{"line":84,"column":43}},{"start":{"line":84,"column":46},"end":{"line":84,"column":69}}],"line":84},"6":{"loc":{"start":{"line":85,"column":2},"end":{"line":87,"column":3}},"type":"if","locations":[{"start":{"line":85,"column":2},"end":{"line":87,"column":3}},{"start":{},"end":{}}],"line":85},"7":{"loc":{"start":{"line":96,"column":30},"end":{"line":96,"column":52}},"type":"default-arg","locations":[{"start":{"line":96,"column":50},"end":{"line":96,"column":52}}],"line":96},"8":{"loc":{"start":{"line":96,"column":54},"end":{"line":96,"column":66}},"type":"default-arg","locations":[{"start":{"line":96,"column":64},"end":{"line":96,"column":66}}],"line":96},"9":{"loc":{"start":{"line":100,"column":4},"end":{"line":102,"column":31}},"type":"cond-expr","locations":[{"start":{"line":101,"column":8},"end":{"line":101,"column":34}},{"start":{"line":102,"column":8},"end":{"line":102,"column":31}}],"line":100},"10":{"loc":{"start":{"line":102,"column":8},"end":{"line":102,"column":31}},"type":"binary-expr","locations":[{"start":{"line":102,"column":8},"end":{"line":102,"column":25}},{"start":{"line":102,"column":29},"end":{"line":102,"column":31}}],"line":102},"11":{"loc":{"start":{"line":106,"column":14},"end":{"line":106,"column":43}},"type":"cond-expr","locations":[{"start":{"line":106,"column":24},"end":{"line":106,"column":32}},{"start":{"line":106,"column":35},"end":{"line":106,"column":43}}],"line":106}},"s":{"0":3,"1":3,"2":0,"3":3,"4":3,"5":0,"6":0,"7":0,"8":0,"9":0,"10":0,"11":0,"12":0,"13":0,"14":0,"15":0,"16":2,"17":0,"18":0,"19":0,"20":0,"21":0,"22":0,"23":0,"24":4,"25":4,"26":2,"27":2,"28":2,"29":0,"30":1,"31":1,"32":2,"33":3,"34":2,"35":2,"36":2,"37":0,"38":0,"39":0,"40":0,"41":2,"42":2,"43":2,"44":0,"45":0,"46":0,"47":0},"f":{"0":0,"1":0,"2":2,"3":4,"4":1,"5":2,"6":2,"7":2},"b":{"0":[0,3],"1":[0,3],"2":[0,0],"3":[2,2],"4":[0],"5":[0,2],"6":[2,0],"7":[0],"8":[2],"9":[0,2],"10":[2,1],"11":[0,0]},"_coverageSchema":"1a1c01bbd47fc00a2c39e90264f33305004495a9","hash":"48c2188535ac8eca12354cb4a3c4b3228931ce3b"}
,"D:\\jwks-server\\src\\routes\\auth.js": {"path":"D:\\jwks-server\\src\\routes\\auth.js","statementMap":{"0":{"start":{"line":5,"column":15},"end":{"line":5,"column":31}},"1":{"start":{"line":7,"column":18},"end":{"line":7,"column":22}},"2":{"start":{"line":8,"column":21},"end":{"line":8,"column":23}},"3":{"start":{"line":9,"column":16},"end":{"line":9,"column":25}},"4":{"start":{"line":12,"column":14},"end":{"line":12,"column":24}},"5":{"start":{"line":13,"column":15},"end":{"line":13,"column":30}},"6":{"start":{"line":15,"column":2},"end":{"line":18,"column":3}},"7":{"start":{"line":16,"column":4},"end":{"line":16,"column":38}},"8":{"start":{"line":17,"column":4},"end":{"line":17,"column":28}},"9":{"start":{"line":20,"column":2},"end":{"line":20,"column":20}},"10":{"start":{"line":21,"column":2},"end":{"line":21,"column":38}},"11":{"start":{"line":24,"column":0},"end":{"line":43,"column":3}},"12":{"start":{"line":25,"column":13},"end":{"line":25,"column":65}},"13":{"start":{"line":27,"column":2},"end":{"line":29,"column":3}},"14":{"start":{"line":28,"column":4},"end":{"line":28,"column":64}},"15":{"start":{"line":31,"column":18},"end":{"line":31,"column":46}},"16":{"start":{"line":33,"column":2},"end":{"line":42,"column":3}},"17":{"start":{"line":34,"column":18},"end":{"line":34,"column":40}},"18":{"start":{"line":36,"column":4},"end":{"line":36,"column":54}},"19":{"start":{"line":38,"column":4},"end":{"line":38,"column":31}},"20":{"start":{"line":40,"column":4},"end":{"line":40,"column":23}},"21":{"start":{"line":41,"column":4},"end":{"line":41,"column":68}}},"fnMap":{"0":{"name":"checkRateLimit","decl":{"start":{"line":11,"column":9},"end":{"line":11,"column":23}},"loc":{"start":{"line":11,"column":28},"end":{"line":22,"column":1}},"line":11},"1":{"name":"(anonymous_1)","decl":{"start":{"line":24,"column":21},"end":{"line":24,"column":22}},"loc":{"start":{"line":24,"column":41},"end":{"line":43,"column":1}},"line":24}},"branchMap":{"0":{"loc":{"start":{"line":15,"column":2},"end":{"line":18,"column":3}},"type":"if","locations":[{"start":{"line":15,"column":2},"end":{"line":18,"column":3}},{"start":{},"end":{}}],"line":15},"1":{"loc":{"start":{"line":15,"column":6},"end":{"line":15,"column":48}},"type":"binary-expr","locations":[{"start":{"line":15,"column":6},"end":{"line":15,"column":13}},{"start":{"line":15,"column":17},"end":{"line":15,"column":48}}],"line":15},"2":{"loc":{"start":{"line":25,"column":13},"end":{"line":25,"column":65}},"type":"binary-expr","locations":[{"start":{"line":25,"column":13},"end":{"line":25,"column":19}},{"start":{"line":25,"column":23},"end":{"line":25,"column":52}},{"start":{"line":25,"column":56},"end":{"line":25,"column":65}}],"line":25},"3":{"loc":{"start":{"line":27,"column":2},"end":{"line":29,"column":3}},"type":"if","locations":[{"start":{"line":27,"column":2},"end":{"line":29,"column":3}},{"start":{},"end":{}}],"line":27}},"s":{"0":3,"1":3,"2":3,"3":3,"4":2,"5":2,"6":2,"7":1,"8":1,"9":2,"10":2,"11":3,"12":2,"13":2,"14":0,"15":2,"16":2,"17":2,"18":0,"19":0,"20":2,"21":2},"f":{"0":2,"1":2},"b":{"0":[1,1],"1":[2,1],"2":[2,0,0],"3":[0,2]},"_coverageSchema":"1a1c01bbd47fc00a2c39e90264f33305004495a9","hash":"4df6d43225de8da45153280279e45ce3f28c40ae"}
,"D:\\jwks-server\\src\\routes\\jwks.js": {"path":"D:\\jwks-server\\src\\routes\\jwks.js","statementMap":{"0":{"start":{"line":4,"column":15},"end":{"line":4,"column":31}},"1":{"start":{"line":6,"column":0},"end":{"line":9,"column":3}},"2":{"start":{"line":7,"column":15},"end":{"line":7,"column":36}},"3":{"start":{"line":8,"column":2},"end":{"line":8,"column":28}}},"fnMap":{"0":{"name":"(anonymous_0)","decl":{"start":{"line":6,"column":37},"end":{"line":6,"column":38}},"loc":{"start":{"line":6,"column":51},"end":{"line":9,"column":1}},"line":6}},"branchMap":{},"s":{"0":3,"1":3,"2":1,"3":1},"f":{"0":1},"b":{},"_coverageSchema":"1a1c01bbd47fc00a2c39e90264f33305004495a9","hash":"1d0520898ce4e74eccecb28bda8314d1beb5cdb3"}
,"D:\\jwks-server\\src\\routes\\register.js": {"path":"D:\\jwks-server\\src\\routes\\register.js","statementMap":{"0":{"start":{"line":6,"column":15},"end":{"line":6,"column":31}},"1":{"start":{"line":8,"column":0},"end":{"line":27,"column":3}},"2":{"start":{"line":9,"column":30},"end":{"line":9,"column":44}},"3":{"start":{"line":11,"column":2},"end":{"line":13,"column":3}},"4":{"start":{"line":12,"column":4},"end":{"line":12,"column":78}},"5":{"start":{"line":15,"column":19},"end":{"line":15,"column":38}},"6":{"start":{"line":17,"column":2},"end":{"line":24,"column":3}},"7":{"start":{"line":18,"column":26},"end":{"line":18,"column":53}},"8":{"start":{"line":19,"column":4},"end":{"line":19,"column":55}},"9":{"start":{"line":22,"column":4},"end":{"line":22,"column":23}},"10":{"start":{"line":23,"column":4},"end":{"line":23,"column":70}},"11":{"start":{"line":26,"column":2},"end":{"line":26,"column":44}}},"fnMap":{"0":{"name":"(anonymous_0)","decl":{"start":{"line":8,"column":25},"end":{"line":8,"column":26}},"loc":{"start":{"line":8,"column":45},"end":{"line":27,"column":1}},"line":8}},"branchMap":{"0":{"loc":{"start":{"line":9,"column":30},"end":{"line":9,"column":44}},"type":"binary-expr","locations":[{"start":{"line":9,"column":30},"end":{"line":9,"column":38}},{"start":{"line":9,"column":42},"end":{"line":9,"column":44}}],"line":9},"1":{"loc":{"start":{"line":11,"column":2},"end":{"line":13,"column":3}},"type":"if","locations":[{"start":{"line":11,"column":2},"end":{"line":13,"column":3}},{"start":{},"end":{}}],"line":11},"2":{"loc":{"start":{"line":11,"column":6},"end":{"line":11,"column":25}},"type":"binary-expr","locations":[{"start":{"line":11,"column":6},"end":{"line":11,"column":15}},{"start":{"line":11,"column":19},"end":{"line":11,"column":25}}],"line":11}},"s":{"0":3,"1":3,"2":1,"3":1,"4":0,"5":1,"6":1,"7":1,"8":1,"9":0,"10":0,"11":1},"f":{"0":1},"b":{"0":[1,0],"1":[0,1],"2":[1,1]},"_coverageSchema":"1a1c01bbd47fc00a2c39e90264f33305004495a9","hash":"ef676340e36fe7c677793dea9b5641b4addf6f95"}
}
