{"D:\\jwks-server\\src\\crypto.js": {"path":"D:\\jwks-server\\src\\crypto.js","statementMap":{"0":{"start":{"line":3,"column":10},"end":{"line":3,"column":14}},"1":{"start":{"line":6,"column":2},"end":{"line":6,"column":22}},"2":{"start":{"line":6,"column":11},"end":{"line":6,"column":22}},"3":{"start":{"line":8,"column":18},"end":{"line":8,"column":40}},"4":{"start":{"line":9,"column":2},"end":{"line":11,"column":3}},"5":{"start":{"line":10,"column":4},"end":{"line":10,"column":67}},"6":{"start":{"line":13,"column":2},"end":{"line":13,"column":39}},"7":{"start":{"line":14,"column":2},"end":{"line":16,"column":3}},"8":{"start":{"line":15,"column":4},"end":{"line":15,"column":81}},"9":{"start":{"line":17,"column":2},"end":{"line":17,"column":13}},"10":{"start":{"line":21,"column":13},"end":{"line":21,"column":35}},"11":{"start":{"line":22,"column":17},"end":{"line":22,"column":67}},"12":{"start":{"line":24,"column":21},"end":{"line":27,"column":4}},"13":{"start":{"line":29,"column":14},"end":{"line":29,"column":33}},"14":{"start":{"line":30,"column":2},"end":{"line":30,"column":44}},"15":{"start":{"line":34,"column":19},"end":{"line":34,"column":71}},"16":{"start":{"line":35,"column":2},"end":{"line":35,"column":27}},"17":{"start":{"line":37,"column":20},"end":{"line":40,"column":4}},"18":{"start":{"line":42,"column":2},"end":{"line":42,"column":36}}},"fnMap":{"0":{"name":"getKey","decl":{"start":{"line":5,"column":9},"end":{"line":5,"column":15}},"loc":{"start":{"line":5,"column":18},"end":{"line":18,"column":1}},"line":5},"1":{"name":"encryptPrivateKey","decl":{"start":{"line":20,"column":16},"end":{"line":20,"column":33}},"loc":{"start":{"line":20,"column":43},"end":{"line":31,"column":1}},"line":20},"2":{"name":"decryptPrivateKey","decl":{"start":{"line":33,"column":16},"end":{"line":33,"column":33}},"loc":{"start":{"line":33,"column":54},"end":{"line":43,"column":1}},"line":33}},"branchMap":{"0":{"loc":{"start":{"line":6,"column":2},"end":{"line":6,"column":22}},"type":"if","locations":[{"start":{"line":6,"column":2},"end":{"line":6,"column":22}},{"start":{},"end":{}}],"line":6},"1":{"loc":{"start":{"line":9,"column":2},"end":{"line":11,"column":3}},"type":"if","locations":[{"start":{"line":9,"column":2},"end":{"line":11,"column":3}},{"start":{},"end":{}}],"line":9},"2":{"loc":{"start":{"line":14,"column":2},"end":{"line":16,"column":3}},"type":"if","locations":[{"start":{"line":14,"column":2},"end":{"line":16,"column":3}},{"start":{},"end":{}}],"line":14}},"s":{"0":1,"1":9,"2":8,"3":1,"4":1,"5":0,"6":1,"7":1,"8":0,"9":1,"10":5,"11":5,"12":5,"13":5,"14":5,"15":4,"16":4,"17":4,"18":2},"f":{"0":9,"1":5,"2":4},"b":{"0":[8,1],"1":[0,1],"2":[0,1]},"_coverageSchema":"1a1c01bbd47fc00a2c39e90264f33305004495a9","hash":"0853f4435dba8811906795ed967b2118bd2f861e"}
,"D:\\jwks-server\\src\\db.js": {"path":"D:\\jwks-server\\src\\db.js","statementMap":{"0":{"start":{"line":5,"column":19},"end":{"line":5,"column":49}},"1":{"start":{"line":6,"column":18},"end":{"line":6,"column":42}},"2":{"start":{"line":8,"column":16},"end":{"line":8,"column":75}},"3":{"start":{"line":10,"column":18},"end":{"line":10,"column":39}},"4":{"start":{"line":12,"column":0},"end":{"line":38,"column":3}},"5":{"start":{"line":40,"column":25},"end":{"line":43,"column":2}},"6":{"start":{"line":45,"column":33},"end":{"line":50,"column":2}},"7":{"start":{"line":52,"column":29},"end":{"line":57,"column":2}},"8":{"start":{"line":59,"column":37},"end":{"line":62,"column":2}},"9":{"start":{"line":64,"column":26},"end":{"line":67,"column":2}},"10":{"start":{"line":69,"column":33},"end":{"line":71,"column":2}},"11":{"start":{"line":73,"column":29},"end":{"line":76,"column":2}}},"fnMap":{},"branchMap":{},"s":{"0":6,"1":6,"2":6,"3":6,"4":6,"5":6,"6":6,"7":6,"8":6,"9":6,"10":6,"11":6},"f":{},"b":{},"_coverageSchema":"1a1c01bbd47fc00a2c39e90264f33305004495a9","hash":"a6a6e41b48373d3635bb8954e6c7f1932b43fefd"}
,"D:\\jwks-server\\src\\keys.js": {"path":"D:\\jwks-server\\src\\keys.js","statementMap":{"0":{"start":{"line":10,"column":14},"end":{"line":10,"column":18}},"1":{"start":{"line":13,"column":2},"end":{"line":13,"column":30}},"2":{"start":{"line":13,"column":15},"end":{"line":13,"column":30}},"3":{"start":{"line":15,"column":25},"end":{"line":15,"column":47}},"4":{"start":{"line":16,"column":2},"end":{"line":18,"column":3}},"5":{"start":{"line":17,"column":4},"end":{"line":17,"column":67}},"6":{"start":{"line":20,"column":2},"end":{"line":20,"column":50}},"7":{"start":{"line":21,"column":2},"end":{"line":23,"column":3}},"8":{"start":{"line":22,"column":4},"end":{"line":22,"column":80}},"9":{"start":{"line":24,"column":2},"end":{"line":24,"column":17}},"10":{"start":{"line":28,"column":13},"end":{"line":28,"column":28}},"11":{"start":{"line":29,"column":17},"end":{"line":29,"column":63}},"12":{"start":{"line":31,"column":20},"end":{"line":31,"column":60}},"13":{"start":{"line":32,"column":21},"end":{"line":32,"column":78}},"14":{"start":{"line":33,"column":14},"end":{"line":33,"column":33}},"15":{"start":{"line":35,"column":2},"end":{"line":35,"column":39}},"16":{"start":{"line":39,"column":19},"end":{"line":39,"column":71}},"17":{"start":{"line":40,"column":2},"end":{"line":40,"column":31}},"18":{"start":{"line":42,"column":16},"end":{"line":42,"column":76}},"19":{"start":{"line":43,"column":2},"end":{"line":43,"column":44}},"20":{"start":{"line":47,"column":36},"end":{"line":47,"column":66}},"21":{"start":{"line":49,"column":18},"end":{"line":49,"column":45}},"22":{"start":{"line":50,"column":17},"end":{"line":50,"column":43}},"23":{"start":{"line":52,"column":14},"end":{"line":52,"column":58}},"24":{"start":{"line":53,"column":2},"end":{"line":53,"column":19}},"25":{"start":{"line":54,"column":2},"end":{"line":54,"column":23}},"26":{"start":{"line":55,"column":2},"end":{"line":55,"column":21}},"27":{"start":{"line":57,"column":28},"end":{"line":57,"column":54}},"28":{"start":{"line":59,"column":2},"end":{"line":66,"column":5}},"29":{"start":{"line":68,"column":2},"end":{"line":68,"column":13}},"30":{"start":{"line":72,"column":19},"end":{"line":72,"column":42}},"31":{"start":{"line":73,"column":2},"end":{"line":75,"column":3}},"32":{"start":{"line":74,"column":4},"end":{"line":74,"column":11}},"33":{"start":{"line":77,"column":14},"end":{"line":77,"column":43}},"34":{"start":{"line":79,"column":2},"end":{"line":79,"column":41}},"35":{"start":{"line":81,"column":2},"end":{"line":81,"column":41}},"36":{"start":{"line":85,"column":15},"end":{"line":85,"column":42}},"37":{"start":{"line":86,"column":2},"end":{"line":86,"column":51}},"38":{"start":{"line":86,"column":25},"end":{"line":86,"column":49}},"39":{"start":{"line":89,"column":29},"end":{"line":89,"column":48}},"40":{"start":{"line":92,"column":14},"end":{"line":92,"column":69}},"41":{"start":{"line":93,"column":2},"end":{"line":95,"column":3}},"42":{"start":{"line":94,"column":4},"end":{"line":94,"column":50}},"43":{"start":{"line":97,"column":18},"end":{"line":97,"column":40}},"44":{"start":{"line":98,"column":14},"end":{"line":98,"column":47}},"45":{"start":{"line":99,"column":20},"end":{"line":99,"column":46}},"46":{"start":{"line":101,"column":2},"end":{"line":101,"column":37}},"47":{"start":{"line":105,"column":18},"end":{"line":105,"column":42}},"48":{"start":{"line":108,"column":4},"end":{"line":110,"column":31}},"49":{"start":{"line":112,"column":23},"end":{"line":112,"column":51}},"50":{"start":{"line":113,"column":14},"end":{"line":113,"column":43}},"51":{"start":{"line":114,"column":14},"end":{"line":114,"column":43}},"52":{"start":{"line":116,"column":16},"end":{"line":120,"column":14}},"53":{"start":{"line":122,"column":2},"end":{"line":122,"column":15}}},"fnMap":{"0":{"name":"getAesKey","decl":{"start":{"line":12,"column":9},"end":{"line":12,"column":18}},"loc":{"start":{"line":12,"column":21},"end":{"line":25,"column":1}},"line":12},"1":{"name":"encryptPrivateJwk","decl":{"start":{"line":27,"column":9},"end":{"line":27,"column":26}},"loc":{"start":{"line":27,"column":32},"end":{"line":36,"column":1}},"line":27},"2":{"name":"decryptPrivateJwk","decl":{"start":{"line":38,"column":9},"end":{"line":38,"column":26}},"loc":{"start":{"line":38,"column":32},"end":{"line":44,"column":1}},"line":38},"3":{"name":"createAndStoreKey","decl":{"start":{"line":46,"column":15},"end":{"line":46,"column":32}},"loc":{"start":{"line":46,"column":45},"end":{"line":69,"column":1}},"line":46},"4":{"name":"initializeKeys","decl":{"start":{"line":71,"column":22},"end":{"line":71,"column":36}},"loc":{"start":{"line":71,"column":39},"end":{"line":82,"column":1}},"line":71},"5":{"name":"getActivePublicJwks","decl":{"start":{"line":84,"column":16},"end":{"line":84,"column":35}},"loc":{"start":{"line":84,"column":38},"end":{"line":87,"column":1}},"line":84},"6":{"name":"(anonymous_6)","decl":{"start":{"line":86,"column":18},"end":{"line":86,"column":19}},"loc":{"start":{"line":86,"column":25},"end":{"line":86,"column":49}},"line":86},"7":{"name":"getSigningKey","decl":{"start":{"line":91,"column":15},"end":{"line":91,"column":28}},"loc":{"start":{"line":91,"column":46},"end":{"line":102,"column":1}},"line":91},"8":{"name":"signJwt","decl":{"start":{"line":104,"column":22},"end":{"line":104,"column":29}},"loc":{"start":{"line":104,"column":68},"end":{"line":123,"column":1}},"line":104}},"branchMap":{"0":{"loc":{"start":{"line":13,"column":2},"end":{"line":13,"column":30}},"type":"if","locations":[{"start":{"line":13,"column":2},"end":{"line":13,"column":30}},{"start":{},"end":{}}],"line":13},"1":{"loc":{"start":{"line":16,"column":2},"end":{"line":18,"column":3}},"type":"if","locations":[{"start":{"line":16,"column":2},"end":{"line":18,"column":3}},{"start":{},"end":{}}],"line":16},"2":{"loc":{"start":{"line":21,"column":2},"end":{"line":23,"column":3}},"type":"if","locations":[{"start":{"line":21,"column":2},"end":{"line":23,"column":3}},{"start":{},"end":{}}],"line":21},"3":{"loc":{"start":{"line":52,"column":14},"end":{"line":52,"column":58}},"type":"binary-expr","locations":[{"start":{"line":52,"column":14},"end":{"line":52,"column":24}},{"start":{"line":52,"column":28},"end":{"line":52,"column":58}}],"line":52},"4":{"loc":{"start":{"line":73,"column":2},"end":{"line":75,"column":3}},"type":"if","locations":[{"start":{"line":73,"column":2},"end":{"line":75,"column":3}},{"start":{},"end":{}}],"line":73},"5":{"loc":{"start":{"line":91,"column":29},"end":{"line":91,"column":44}},"type":"default-arg","locations":[{"start":{"line":91,"column":39},"end":{"line":91,"column":44}}],"line":91},"6":{"loc":{"start":{"line":92,"column":14},"end":{"line":92,"column":69}},"type":"cond-expr","locations":[{"start":{"line":92,"column":24},"end":{"line":92,"column":43}},{"start":{"line":92,"column":46},"end":{"line":92,"column":69}}],"line":92},"7":{"loc":{"start":{"line":93,"column":2},"end":{"line":95,"column":3}},"type":"if","locations":[{"start":{"line":93,"column":2},"end":{"line":95,"column":3}},{"start":{},"end":{}}],"line":93},"8":{"loc":{"start":{"line":104,"column":30},"end":{"line":104,"column":52}},"type":"default-arg","locations":[{"start":{"line":104,"column":50},"end":{"line":104,"column":52}}],"line":104},"9":{"loc":{"start":{"line":104,"column":54},"end":{"line":104,"column":66}},"type":"default-arg","locations":[{"start":{"line":104,"column":64},"end":{"line":104,"column":66}}],"line":104},"10":{"loc":{"start":{"line":108,"column":4},"end":{"line":110,"column":31}},"type":"cond-expr","locations":[{"start":{"line":109,"column":8},"end":{"line":109,"column":34}},{"start":{"line":110,"column":8},"end":{"line":110,"column":31}}],"line":108},"11":{"loc":{"start":{"line":110,"column":8},"end":{"line":110,"column":31}},"type":"binary-expr","locations":[{"start":{"line":110,"column":8},"end":{"line":110,"column":25}},{"start":{"line":110,"column":29},"end":{"line":110,"column":31}}],"line":110},"12":{"loc":{"start":{"line":114,"column":14},"end":{"line":114,"column":43}},"type":"cond-expr","locations":[{"start":{"line":114,"column":24},"end":{"line":114,"column":32}},{"start":{"line":114,"column":35},"end":{"line":114,"column":43}}],"line":114}},"s":{"0":5,"1":18,"2":16,"3":2,"4":2,"5":0,"6":2,"7":2,"8":0,"9":2,"10":12,"11":12,"12":12,"13":12,"14":12,"15":12,"16":6,"17":6,"18":6,"19":6,"20":12,"21":12,"22":12,"23":12,"24":12,"25":12,"26":12,"27":12,"28":12,"29":12,"30":13,"31":13,"32":7,"33":6,"34":6,"35":6,"36":6,"37":6,"38":6,"39":5,"40":7,"41":7,"42":1,"43":6,"44":6,"45":6,"46":6,"47":7,"48":7,"49":7,"50":6,"51":6,"52":6,"53":5},"f":{"0":18,"1":12,"2":6,"3":12,"4":13,"5":6,"6":6,"7":7,"8":7},"b":{"0":[16,2],"1":[0,2],"2":[0,2],"3":[12,12],"4":[7,6],"5":[0],"6":[1,6],"7":[1,6],"8":[0],"9":[5],"10":[4,3],"11":[3,1],"12":[1,5]},"_coverageSchema":"1a1c01bbd47fc00a2c39e90264f33305004495a9","hash":"e7b48bddf9fd804670605c748a4cd5673e018f00"}
,"D:\\jwks-server\\src\\routes\\auth.js": {"path":"D:\\jwks-server\\src\\routes\\auth.js","statementMap":{"0":{"start":{"line":5,"column":15},"end":{"line":5,"column":31}},"1":{"start":{"line":7,"column":18},"end":{"line":7,"column":22}},"2":{"start":{"line":8,"column":21},"end":{"line":8,"column":23}},"3":{"start":{"line":9,"column":16},"end":{"line":9,"column":25}},"4":{"start":{"line":12,"column":14},"end":{"line":12,"column":24}},"5":{"start":{"line":13,"column":15},"end":{"line":13,"column":30}},"6":{"start":{"line":15,"column":2},"end":{"line":18,"column":3}},"7":{"start":{"line":16,"column":4},"end":{"line":16,"column":38}},"8":{"start":{"line":17,"column":4},"end":{"line":17,"column":28}},"9":{"start":{"line":20,"column":2},"end":{"line":20,"column":20}},"10":{"start":{"line":21,"column":2},"end":{"line":21,"column":38}},"11":{"start":{"line":24,"column":0},"end":{"line":43,"column":3}},"12":{"start":{"line":25,"column":13},"end":{"line":25,"column":65}},"13":{"start":{"line":27,"column":2},"end":{"line":29,"column":3}},"14":{"start":{"line":28,"column":4},"end":{"line":28,"column":64}},"15":{"start":{"line":31,"column":18},"end":{"line":31,"column":46}},"16":{"start":{"line":33,"column":2},"end":{"line":42,"column":3}},"17":{"start":{"line":34,"column":18},"end":{"line":34,"column":40}},"18":{"start":{"line":36,"column":4},"end":{"line":36,"column":54}},"19":{"start":{"line":38,"column":4},"end":{"line":38,"column":31}},"20":{"start":{"line":40,"column":4},"end":{"line":40,"column":23}},"21":{"start":{"line":41,"column":4},"end":{"line":41,"column":68}}},"fnMap":{"0":{"name":"checkRateLimit","decl":{"start":{"line":11,"column":9},"end":{"line":11,"column":23}},"loc":{"start":{"line":11,"column":28},"end":{"line":22,"column":1}},"line":11},"1":{"name":"(anonymous_1)","decl":{"start":{"line":24,"column":21},"end":{"line":24,"column":22}},"loc":{"start":{"line":24,"column":41},"end":{"line":43,"column":1}},"line":24}},"branchMap":{"0":{"loc":{"start":{"line":15,"column":2},"end":{"line":18,"column":3}},"type":"if","locations":[{"start":{"line":15,"column":2},"end":{"line":18,"column":3}},{"start":{},"end":{}}],"line":15},"1":{"loc":{"start":{"line":15,"column":6},"end":{"line":15,"column":48}},"type":"binary-expr","locations":[{"start":{"line":15,"column":6},"end":{"line":15,"column":13}},{"start":{"line":15,"column":17},"end":{"line":15,"column":48}}],"line":15},"2":{"loc":{"start":{"line":25,"column":13},"end":{"line":25,"column":65}},"type":"binary-expr","locations":[{"start":{"line":25,"column":13},"end":{"line":25,"column":19}},{"start":{"line":25,"column":23},"end":{"line":25,"column":52}},{"start":{"line":25,"column":56},"end":{"line":25,"column":65}}],"line":25},"3":{"loc":{"start":{"line":27,"column":2},"end":{"line":29,"column":3}},"type":"if","locations":[{"start":{"line":27,"column":2},"end":{"line":29,"column":3}},{"start":{},"end":{}}],"line":27}},"s":{"0":4,"1":4,"2":4,"3":4,"4":2,"5":2,"6":2,"7":1,"8":1,"9":2,"10":2,"11":4,"12":2,"13":2,"14":0,"15":2,"16":2,"17":2,"18":1,"19":1,"20":1,"21":1},"f":{"0":2,"1":2},"b":{"0":[1,1],"1":[2,1],"2":[2,0,0],"3":[0,2]},"_coverageSchema":"1a1c01bbd47fc00a2c39e90264f33305004495a9","hash":"4df6d43225de8da45153280279e45ce3f28c40ae"}
,"D:\\jwks-server\\src\\routes\\jwks.js": {"path":"D:\\jwks-server\\src\\routes\\jwks.js","statementMap":{"0":{"start":{"line":4,"column":15},"end":{"line":4,"column":31}},"1":{"start":{"line":6,"column":0},"end":{"line":9,"column":3}},"2":{"start":{"line":7,"column":15},"end":{"line":7,"column":36}},"3":{"start":{"line":8,"column":2},"end":{"line":8,"column":28}}},"fnMap":{"0":{"name":"(anonymous_0)","decl":{"start":{"line":6,"column":37},"end":{"line":6,"column":38}},"loc":{"start":{"line":6,"column":51},"end":{"line":9,"column":1}},"line":6}},"branchMap":{},"s":{"0":4,"1":4,"2":3,"3":3},"f":{"0":3},"b":{},"_coverageSchema":"1a1c01bbd47fc00a2c39e90264f33305004495a9","hash":"1d0520898ce4e74eccecb28bda8314d1beb5cdb3"}
,"D:\\jwks-server\\src\\routes\\register.js": {"path":"D:\\jwks-server\\src\\routes\\register.js","statementMap":{"0":{"start":{"line":6,"column":15},"end":{"line":6,"column":31}},"1":{"start":{"line":8,"column":0},"end":{"line":27,"column":3}},"2":{"start":{"line":9,"column":30},"end":{"line":9,"column":44}},"3":{"start":{"line":11,"column":2},"end":{"line":13,"column":3}},"4":{"start":{"line":12,"column":4},"end":{"line":12,"column":78}},"5":{"start":{"line":15,"column":19},"end":{"line":15,"column":38}},"6":{"start":{"line":17,"column":2},"end":{"line":24,"column":3}},"7":{"start":{"line":18,"column":26},"end":{"line":18,"column":53}},"8":{"start":{"line":19,"column":4},"end":{"line":19,"column":55}},"9":{"start":{"line":22,"column":4},"end":{"line":22,"column":23}},"10":{"start":{"line":23,"column":4},"end":{"line":23,"column":70}},"11":{"start":{"line":26,"column":2},"end":{"line":26,"column":44}}},"fnMap":{"0":{"name":"(anonymous_0)","decl":{"start":{"line":8,"column":25},"end":{"line":8,"column":26}},"loc":{"start":{"line":8,"column":45},"end":{"line":27,"column":1}},"line":8}},"branchMap":{"0":{"loc":{"start":{"line":9,"column":30},"end":{"line":9,"column":44}},"type":"binary-expr","locations":[{"start":{"line":9,"column":30},"end":{"line":9,"column":38}},{"start":{"line":9,"column":42},"end":{"line":9,"column":44}}],"line":9},"1":{"loc":{"start":{"line":11,"column":2},"end":{"line":13,"column":3}},"type":"if","locations":[{"start":{"line":11,"column":2},"end":{"line":13,"column":3}},{"start":{},"end":{}}],"line":11},"2":{"loc":{"start":{"line":11,"column":6},"end":{"line":11,"column":25}},"type":"binary-expr","locations":[{"start":{"line":11,"column":6},"end":{"line":11,"column":15}},{"start":{"line":11,"column":19},"end":{"line":11,"column":25}}],"line":11}},"s":{"0":4,"1":4,"2":1,"3":1,"4":0,"5":1,"6":1,"7":1,"8":1,"9":0,"10":0,"11":1},"f":{"0":1},"b":{"0":[1,0],"1":[0,1],"2":[1,1]},"_coverageSchema":"1a1c01bbd47fc00a2c39e90264f33305004495a9","hash":"ef676340e36fe7c677793dea9b5641b4addf6f95"}
}
