TN:
SF:src\crypto.js
FN:28,encryptPrivateKey
FN:49,decryptPrivateKey
FNF:2
FNH:2
FNDA:2,encryptPrivateKey
FNDA:3,decryptPrivateKey
DA:9,2
DA:11,2
DA:12,0
DA:15,2
DA:16,2
DA:17,0
DA:30,2
DA:31,2
DA:33,2
DA:38,2
DA:41,2
DA:50,3
DA:51,3
DA:53,3
DA:58,1
LF:15
LH:13
BRDA:11,0,0,0
BRDA:11,0,1,2
BRDA:16,1,0,0
BRDA:16,1,1,2
BRF:4
BRH:2
end_of_record
TN:
SF:src\db.js
FNF:0
FNH:0
DA:5,2
DA:6,2
DA:8,2
DA:9,2
DA:12,2
DA:41,2
DA:46,2
DA:50,2
DA:54,2
DA:59,2
DA:64,2
DA:69,2
LF:12
LH:12
BRF:0
BRH:0
end_of_record
TN:
SF:src\keys.js
FN:5,initializeKeys
FN:14,generateAndStoreKey
FN:41,importPublicKeyToJwk
FN:51,extractRsaParts
FNF:4
FNH:4
FNDA:1,initializeKeys
FNDA:2,generateAndStoreKey
FNDA:2,importPublicKeyToJwk
FNDA:2,extractRsaParts
DA:6,1
DA:7,1
DA:8,1
DA:10,1
DA:11,1
DA:15,2
DA:21,2
DA:23,2
DA:31,2
DA:42,2
DA:47,2
DA:48,2
DA:54,2
DA:55,2
LF:14
LH:14
BRF:0
BRH:0
end_of_record
TN:
SF:src\routes\auth.js
FN:14,(anonymous_0)
FN:53,importPrivateKey
FNF:2
FNH:2
FNDA:3,(anonymous_0)
FNDA:1,importPrivateKey
DA:7,2
DA:14,2
DA:15,3
DA:18,3
DA:19,3
DA:20,3
DA:22,3
DA:23,3
DA:24,3
DA:28,3
DA:29,3
DA:32,3
DA:39,1
DA:45,0
DA:50,0
DA:54,1
LF:16
LH:14
BRDA:18,0,0,3
BRDA:18,0,1,3
BRDA:28,1,0,1
BRDA:28,1,1,2
BRDA:29,2,0,0
BRDA:29,2,1,3
BRDA:47,3,0,0
BRDA:47,3,1,0
BRF:8
BRH:5
end_of_record
TN:
SF:src\routes\jwks.js
FN:8,(anonymous_0)
FN:11,(anonymous_1)
FNF:2
FNH:0
FNDA:0,(anonymous_0)
FNDA:0,(anonymous_1)
DA:5,2
DA:8,2
DA:9,0
DA:11,0
DA:12,0
LF:5
LH:2
BRF:0
BRH:0
end_of_record
TN:
SF:src\routes\register.js
FN:14,(anonymous_0)
FNF:1
FNH:0
FNDA:0,(anonymous_0)
DA:7,2
DA:14,2
DA:15,0
DA:16,0
DA:17,0
DA:18,0
DA:21,0
DA:22,0
DA:24,0
DA:26,0
DA:28,0
DA:29,0
DA:31,0
LF:13
LH:2
BRDA:16,0,0,0
BRDA:16,0,1,0
BRDA:17,1,0,0
BRDA:17,1,1,0
BRDA:28,2,0,0
BRDA:28,2,1,0
BRF:6
BRH:0
end_of_record
