TN:
SF:src\db.js
FN:25,(anonymous_0)
FN:26,(anonymous_1)
FN:28,insertPrivateKeyPem
FN:33,listValidRows
FN:37,listExpiredRows
FN:41,getCurrentValidRow
FN:45,getOneExpiredRow
FN:49,rowToPublicJwk
FN:60,seedIfNeeded
FN:65,(anonymous_9)
FNF:10
FNH:7
FNDA:13,(anonymous_0)
FNDA:0,(anonymous_1)
FNDA:0,insertPrivateKeyPem
FNDA:6,listValidRows
FNDA:2,listExpiredRows
FNDA:2,getCurrentValidRow
FNDA:3,getOneExpiredRow
FNDA:3,rowToPublicJwk
FNDA:2,seedIfNeeded
FNDA:0,(anonymous_9)
DA:6,2
DA:8,2
DA:9,2
DA:11,2
DA:19,2
DA:20,2
DA:21,2
DA:22,2
DA:23,2
DA:25,13
DA:26,2
DA:29,0
DA:30,0
DA:34,6
DA:38,2
DA:42,2
DA:46,3
DA:50,3
DA:51,3
DA:52,3
DA:53,3
DA:54,3
DA:55,3
DA:56,3
DA:61,2
DA:62,2
DA:63,2
DA:65,0
DA:71,0
DA:72,0
DA:73,0
DA:75,0
DA:76,0
DA:77,0
LF:34
LH:25
BRDA:42,0,0,2
BRDA:42,0,1,0
BRDA:46,1,0,3
BRDA:46,1,1,1
BRDA:63,2,0,2
BRDA:63,2,1,0
BRDA:63,3,0,2
BRDA:63,3,1,2
BRDA:71,4,0,0
BRDA:71,4,1,0
BRDA:75,5,0,0
BRDA:75,5,1,0
BRF:12
BRH:6
end_of_record
TN:
SF:src\keys.js
FN:11,initializeKeys
FN:15,getActivePublicJwks
FN:21,getCurrentSigningKey
FN:27,getExpiredKey
FNF:4
FNH:4
FNDA:2,initializeKeys
FNDA:4,getActivePublicJwks
FNDA:2,getCurrentSigningKey
FNDA:3,getExpiredKey
DA:12,2
DA:16,4
DA:17,4
DA:18,4
DA:22,2
DA:23,2
DA:24,2
DA:28,3
DA:29,3
DA:30,2
LF:10
LH:10
BRDA:23,0,0,0
BRDA:23,0,1,2
BRDA:29,1,0,1
BRDA:29,1,1,2
BRF:4
BRH:3
end_of_record
TN:
SF:src\routes\auth.js
FN:7,(anonymous_0)
FN:24,(anonymous_1)
FNF:2
FNH:1
FNDA:3,(anonymous_0)
FNDA:0,(anonymous_1)
DA:5,2
DA:7,2
DA:8,3
DA:9,3
DA:11,3
DA:12,3
DA:14,2
DA:15,2
DA:17,2
DA:21,2
DA:24,2
LF:11
LH:11
BRDA:11,0,0,1
BRDA:11,0,1,2
BRDA:12,1,0,1
BRDA:12,1,1,2
BRDA:14,2,0,1
BRDA:14,2,1,1
BRDA:15,3,0,1
BRDA:15,3,1,1
BRF:8
BRH:8
end_of_record
TN:
SF:src\routes\jwks.js
FN:5,(anonymous_0)
FN:12,(anonymous_1)
FNF:2
FNH:1
FNDA:2,(anonymous_0)
FNDA:0,(anonymous_1)
DA:4,2
DA:5,2
DA:6,2
DA:7,2
DA:10,2
DA:11,2
DA:12,2
LF:7
LH:7
BRF:0
BRH:0
end_of_record
